Proyecto/app/build/intermediates/manifest_merge_blame_file/debug/manifest-merger-blame-debug-report.txt
1<?xml version="1.0" encoding="utf-8"?>
2<manifest xmlns:android="http://schemas.android.com/apk/res/android"
3    package="com.example.proyecto_movipet"
4    android:versionCode="1"
5    android:versionName="1.0" >
6
7    <uses-sdk
8        android:minSdkVersion="27"
8-->src\main\AndroidManifest.xml
9        android:targetSdkVersion="33" />
9-->src\main\AndroidManifest.xml
10
11    <!-- Include required permissions for Google Maps API to run. -->
12    <uses-permission android:name="android.permission.ACCESS_NETWORK_STATE" />
12-->[com.google.android.gms:play-services-maps:18.1.0] AndroidManifest.xml:23:5-79
12-->[com.google.android.gms:play-services-maps:18.1.0] AndroidManifest.xml:23:22-76
13    <uses-permission android:name="android.permission.INTERNET" />
13-->[com.google.android.gms:play-services-maps:18.1.0] AndroidManifest.xml:24:5-67
13-->[com.google.android.gms:play-services-maps:18.1.0] AndroidManifest.xml:24:22-64
14
15    <uses-feature
15-->[com.google.android.gms:play-services-maps:18.1.0] AndroidManifest.xml:26:5-28:35
16        android:glEsVersion="0x00020000"
16-->[com.google.android.gms:play-services-maps:18.1.0] AndroidManifest.xml:27:9-41
17        android:required="true" />
17-->[com.google.android.gms:play-services-maps:18.1.0] AndroidManifest.xml:28:9-32
18
19    <queries>
19-->[com.google.android.gms:play-services-maps:18.1.0] AndroidManifest.xml:30:5-34:15
20
21        <!-- Needs to be explicitly declared on Android R+ -->
22        <package android:name="com.google.android.apps.maps" />
22-->[com.google.android.gms:play-services-maps:18.1.0] AndroidManifest.xml:33:9-64
22-->[com.google.android.gms:play-services-maps:18.1.0] AndroidManifest.xml:33:18-61
23    </queries>
24
25    <permission
25-->[androidx.core:core:1.9.0] AndroidManifest.xml:22:5-24:47
26        android:name="com.example.proyecto_movipet.DYNAMIC_RECEIVER_NOT_EXPORTED_PERMISSION"
26-->[androidx.core:core:1.9.0] AndroidManifest.xml:23:9-81
27        android:protectionLevel="signature" />
27-->[androidx.core:core:1.9.0] AndroidManifest.xml:24:9-44
28
29    <uses-permission android:name="com.example.proyecto_movipet.DYNAMIC_RECEIVER_NOT_EXPORTED_PERMISSION" />
29-->[androidx.core:core:1.9.0] AndroidManifest.xml:26:5-97
29-->[androidx.core:core:1.9.0] AndroidManifest.xml:26:22-94
30
31    <application
31-->src\main\AndroidManifest.xml:5:5-68:19
32        android:allowBackup="true"
32-->src\main\AndroidManifest.xml:6:9-35
33        android:appComponentFactory="androidx.core.app.CoreComponentFactory"
33-->[androidx.core:core:1.9.0] AndroidManifest.xml:28:18-86
34        android:dataExtractionRules="@xml/data_extraction_rules"
34-->src\main\AndroidManifest.xml:7:9-65
35        android:debuggable="true"
36        android:extractNativeLibs="false"
37        android:fullBackupContent="@xml/backup_rules"
37-->src\main\AndroidManifest.xml:8:9-54
38        android:icon="@mipmap/ic_launcher"
38-->src\main\AndroidManifest.xml:9:9-43
39        android:label="@string/app_name"
39-->src\main\AndroidManifest.xml:10:9-41
40        android:supportsRtl="true"
40-->src\main\AndroidManifest.xml:11:9-35
41        android:testOnly="true"
42        android:theme="@style/Theme.Proyecto_MoviPet" >
42-->src\main\AndroidManifest.xml:12:9-54
43        <activity
43-->src\main\AndroidManifest.xml:14:9-16:40
44            android:name="com.example.proyecto_movipet.exitoso"
44-->src\main\AndroidManifest.xml:15:13-36
45            android:exported="false" />
45-->src\main\AndroidManifest.xml:16:13-37
46        <activity
46-->src\main\AndroidManifest.xml:17:9-19:40
47            android:name="com.example.proyecto_movipet.Pago"
47-->src\main\AndroidManifest.xml:18:13-33
48            android:exported="false" />
48-->src\main\AndroidManifest.xml:19:13-37
49        <activity
49-->src\main\AndroidManifest.xml:20:9-22:40
50            android:name="com.example.proyecto_movipet.detallesConsulta"
50-->src\main\AndroidManifest.xml:21:13-45
51            android:exported="false" />
51-->src\main\AndroidManifest.xml:22:13-37
52        <activity
52-->src\main\AndroidManifest.xml:23:9-25:40
53            android:name="com.example.proyecto_movipet.servicioCancelado"
53-->src\main\AndroidManifest.xml:24:13-46
54            android:exported="false" />
54-->src\main\AndroidManifest.xml:25:13-37
55        <activity
55-->src\main\AndroidManifest.xml:26:9-28:40
56            android:name="com.example.proyecto_movipet.llegaVeterinario"
56-->src\main\AndroidManifest.xml:27:13-45
57            android:exported="false" />
57-->src\main\AndroidManifest.xml:28:13-37
58        <activity
58-->src\main\AndroidManifest.xml:29:9-31:40
59            android:name="com.example.proyecto_movipet.mapa"
59-->src\main\AndroidManifest.xml:30:13-33
60            android:exported="false" />
60-->src\main\AndroidManifest.xml:31:13-37
61        <activity
61-->src\main\AndroidManifest.xml:32:9-34:40
62            android:name="com.example.proyecto_movipet.consultaDomicilio"
62-->src\main\AndroidManifest.xml:33:13-46
63            android:exported="false" />
63-->src\main\AndroidManifest.xml:34:13-37
64        <activity
64-->src\main\AndroidManifest.xml:35:9-37:40
65            android:name="com.example.proyecto_movipet.infoVeterinario"
65-->src\main\AndroidManifest.xml:36:13-44
66            android:exported="false" />
66-->src\main\AndroidManifest.xml:37:13-37
67        <activity
67-->src\main\AndroidManifest.xml:38:9-40:40
68            android:name="com.example.proyecto_movipet.solicitarConsulta"
68-->src\main\AndroidManifest.xml:39:13-46
69            android:exported="false" />
69-->src\main\AndroidManifest.xml:40:13-37
70        <activity
70-->src\main\AndroidManifest.xml:41:9-43:40
71            android:name="com.example.proyecto_movipet.PantallaInicial"
71-->src\main\AndroidManifest.xml:42:13-44
72            android:exported="false" />
72-->src\main\AndroidManifest.xml:43:13-37
73        <activity
73-->src\main\AndroidManifest.xml:44:9-46:40
74            android:name="com.example.proyecto_movipet.MenuServicios"
74-->src\main\AndroidManifest.xml:45:13-42
75            android:exported="false" />
75-->src\main\AndroidManifest.xml:46:13-37
76        <activity
76-->src\main\AndroidManifest.xml:47:9-49:40
77            android:name="com.example.proyecto_movipet.ConfirmacionRegistro"
77-->src\main\AndroidManifest.xml:48:13-49
78            android:exported="false" />
78-->src\main\AndroidManifest.xml:49:13-37
79        <activity
79-->src\main\AndroidManifest.xml:50:9-52:40
80            android:name="com.example.proyecto_movipet.RegistroMascota"
80-->src\main\AndroidManifest.xml:51:13-44
81            android:exported="false" />
81-->src\main\AndroidManifest.xml:52:13-37
82        <activity
82-->src\main\AndroidManifest.xml:53:9-55:40
83            android:name="com.example.proyecto_movipet.RegistroUsuario"
83-->src\main\AndroidManifest.xml:54:13-44
84            android:exported="false" />
84-->src\main\AndroidManifest.xml:55:13-37
85        <activity
85-->src\main\AndroidManifest.xml:56:9-58:40
86            android:name="com.example.proyecto_movipet.registro_usuario"
86-->src\main\AndroidManifest.xml:57:13-45
87            android:exported="false" />
87-->src\main\AndroidManifest.xml:58:13-37
88        <activity
88-->src\main\AndroidManifest.xml:59:9-67:20
89            android:name="com.example.proyecto_movipet.Login"
89-->src\main\AndroidManifest.xml:60:13-34
90            android:exported="true" >
90-->src\main\AndroidManifest.xml:61:13-36
91            <intent-filter>
91-->src\main\AndroidManifest.xml:62:13-66:29
92                <action android:name="android.intent.action.MAIN" />
92-->src\main\AndroidManifest.xml:63:17-69
92-->src\main\AndroidManifest.xml:63:25-66
93
94                <category android:name="android.intent.category.LAUNCHER" />
94-->src\main\AndroidManifest.xml:65:17-77
94-->src\main\AndroidManifest.xml:65:27-74
95            </intent-filter>
96        </activity>
97        <!-- Needs to be explicitly declared on P+ -->
98        <uses-library
98-->[com.google.android.gms:play-services-maps:18.1.0] AndroidManifest.xml:39:9-41:40
99            android:name="org.apache.http.legacy"
99-->[com.google.android.gms:play-services-maps:18.1.0] AndroidManifest.xml:40:13-50
100            android:required="false" />
100-->[com.google.android.gms:play-services-maps:18.1.0] AndroidManifest.xml:41:13-37
101
102        <activity
102-->[com.google.android.gms:play-services-base:18.0.1] AndroidManifest.xml:20:9-22:45
103            android:name="com.google.android.gms.common.api.GoogleApiActivity"
103-->[com.google.android.gms:play-services-base:18.0.1] AndroidManifest.xml:20:19-85
104            android:exported="false"
104-->[com.google.android.gms:play-services-base:18.0.1] AndroidManifest.xml:22:19-43
105            android:theme="@android:style/Theme.Translucent.NoTitleBar" />
105-->[com.google.android.gms:play-services-base:18.0.1] AndroidManifest.xml:21:19-78
106
107        <meta-data
107-->[com.google.android.gms:play-services-basement:18.0.0] AndroidManifest.xml:21:9-23:69
108            android:name="com.google.android.gms.version"
108-->[com.google.android.gms:play-services-basement:18.0.0] AndroidManifest.xml:22:13-58
109            android:value="@integer/google_play_services_version" />
109-->[com.google.android.gms:play-services-basement:18.0.0] AndroidManifest.xml:23:13-66
110
111        <provider
111-->[androidx.emoji2:emoji2:1.2.0] AndroidManifest.xml:24:9-32:20
112            android:name="androidx.startup.InitializationProvider"
112-->[androidx.emoji2:emoji2:1.2.0] AndroidManifest.xml:25:13-67
113            android:authorities="com.example.proyecto_movipet.androidx-startup"
113-->[androidx.emoji2:emoji2:1.2.0] AndroidManifest.xml:26:13-68
114            android:exported="false" >
114-->[androidx.emoji2:emoji2:1.2.0] AndroidManifest.xml:27:13-37
115            <meta-data
115-->[androidx.emoji2:emoji2:1.2.0] AndroidManifest.xml:29:13-31:52
116                android:name="androidx.emoji2.text.EmojiCompatInitializer"
116-->[androidx.emoji2:emoji2:1.2.0] AndroidManifest.xml:30:17-75
117                android:value="androidx.startup" />
117-->[androidx.emoji2:emoji2:1.2.0] AndroidManifest.xml:31:17-49
118            <meta-data
118-->[androidx.lifecycle:lifecycle-process:2.4.1] AndroidManifest.xml:31:13-33:52
119                android:name="androidx.lifecycle.ProcessLifecycleInitializer"
119-->[androidx.lifecycle:lifecycle-process:2.4.1] AndroidManifest.xml:32:17-78
120                android:value="androidx.startup" />
120-->[androidx.lifecycle:lifecycle-process:2.4.1] AndroidManifest.xml:33:17-49
121        </provider>
122    </application>
123
124</manifest>